[Sat Apr 21 22:15:16 2012] [info] Server listening (http://*:3000)
[Sat Apr 21 22:15:41 2012] [debug] GET / (Mozilla/5.0 (X11; Linux x86_64) AppleWebKit/535.19 (KHTML, like Gecko) Ubuntu/11.10 Chromium/18.0.1025.142 Chrome/18.0.1025.142 Safari/535.19).
[Sat Apr 21 22:15:41 2012] [debug] Dispatching callback.
[Sat Apr 21 22:15:42 2012] [debug] 302 Found (0.001170s, 854.701/s).
[Sat Apr 21 22:15:42 2012] [debug] GET /home (Mozilla/5.0 (X11; Linux x86_64) AppleWebKit/535.19 (KHTML, like Gecko) Ubuntu/11.10 Chromium/18.0.1025.142 Chrome/18.0.1025.142 Safari/535.19).
[Sat Apr 21 22:15:42 2012] [debug] Dispatching callback.
[Sat Apr 21 22:15:42 2012] [debug] Rendering template "home.html.ep".
[Sat Apr 21 22:15:42 2012] [debug] Rendering template "modules/block_events_calendar.html.ep".
[Sat Apr 21 22:15:42 2012] [debug] Rendering template "modules/block_ads.html.ep".
[Sat Apr 21 22:15:42 2012] [debug] Rendering template "modules/block_more_galleries.html.ep".
[Sat Apr 21 22:15:42 2012] [debug] Rendering template "layouts/default.html.ep".
[Sat Apr 21 22:15:42 2012] [debug] Rendering template "modules/dojo_toolkit.html.ep".
[Sat Apr 21 22:15:42 2012] [debug] Rendering template "modules/content_message.html.ep".
[Sat Apr 21 22:15:42 2012] [debug] 200 OK (0.169067s, 5.915/s).
[Sat Apr 21 22:15:44 2012] [debug] GET / (Mozilla/5.0 (X11; Linux x86_64) AppleWebKit/535.19 (KHTML, like Gecko) Ubuntu/11.10 Chromium/18.0.1025.142 Chrome/18.0.1025.142 Safari/535.19).
[Sat Apr 21 22:15:44 2012] [debug] Dispatching callback.
[Sat Apr 21 22:15:44 2012] [debug] 302 Found (0.000874s, 1144.165/s).
[Sat Apr 21 22:15:44 2012] [debug] GET /home (Mozilla/5.0 (X11; Linux x86_64) AppleWebKit/535.19 (KHTML, like Gecko) Ubuntu/11.10 Chromium/18.0.1025.142 Chrome/18.0.1025.142 Safari/535.19).
[Sat Apr 21 22:15:44 2012] [debug] Dispatching callback.
[Sat Apr 21 22:15:44 2012] [debug] 200 OK (0.072728s, 13.750/s).
[Sat Apr 21 22:15:49 2012] [debug] POST /api/analytics/views (Mozilla/5.0 (X11; Linux x86_64) AppleWebKit/535.19 (KHTML, like Gecko) Ubuntu/11.10 Chromium/18.0.1025.142 Chrome/18.0.1025.142 Safari/535.19).
[Sat Apr 21 22:15:49 2012] [debug] Dispatching callback.
[Sat Apr 21 22:15:49 2012] [debug] Template "apianalyticstype.html.ep" not found.
[Sat Apr 21 22:15:49 2012] [debug] Nothing has been rendered, assuming delayed response.
[Sat Apr 21 22:15:49 2012] [debug] POST /api/analytics/views (Mozilla/5.0 (X11; Linux x86_64) AppleWebKit/535.19 (KHTML, like Gecko) Ubuntu/11.10 Chromium/18.0.1025.142 Chrome/18.0.1025.142 Safari/535.19).
[Sat Apr 21 22:15:49 2012] [debug] Dispatching callback.
[Sat Apr 21 22:15:49 2012] [debug] Template "apianalyticstype.html.ep" not found.
[Sat Apr 21 22:15:49 2012] [debug] Nothing has been rendered, assuming delayed response.
[Sat Apr 21 22:15:49 2012] [debug] POST /api/analytics/views (Mozilla/5.0 (X11; Linux x86_64) AppleWebKit/535.19 (KHTML, like Gecko) Ubuntu/11.10 Chromium/18.0.1025.142 Chrome/18.0.1025.142 Safari/535.19).
[Sat Apr 21 22:15:49 2012] [debug] Dispatching callback.
[Sat Apr 21 22:15:49 2012] [debug] Template "apianalyticstype.html.ep" not found.
[Sat Apr 21 22:15:49 2012] [debug] Nothing has been rendered, assuming delayed response.
[Sat Apr 21 22:15:49 2012] [debug] POST /api/analytics/views (Mozilla/5.0 (X11; Linux x86_64) AppleWebKit/535.19 (KHTML, like Gecko) Ubuntu/11.10 Chromium/18.0.1025.142 Chrome/18.0.1025.142 Safari/535.19).
[Sat Apr 21 22:15:49 2012] [debug] Dispatching callback.
[Sat Apr 21 22:15:49 2012] [debug] Template "apianalyticstype.html.ep" not found.
[Sat Apr 21 22:15:49 2012] [debug] Nothing has been rendered, assuming delayed response.
[Sat Apr 21 22:15:49 2012] [debug] POST /api/analytics/views (Mozilla/5.0 (X11; Linux x86_64) AppleWebKit/535.19 (KHTML, like Gecko) Ubuntu/11.10 Chromium/18.0.1025.142 Chrome/18.0.1025.142 Safari/535.19).
[Sat Apr 21 22:15:49 2012] [debug] Dispatching callback.
[Sat Apr 21 22:15:49 2012] [debug] Template "apianalyticstype.html.ep" not found.
[Sat Apr 21 22:15:49 2012] [debug] Nothing has been rendered, assuming delayed response.
[Sat Apr 21 22:15:49 2012] [debug] POST /api/analytics/views (Mozilla/5.0 (X11; Linux x86_64) AppleWebKit/535.19 (KHTML, like Gecko) Ubuntu/11.10 Chromium/18.0.1025.142 Chrome/18.0.1025.142 Safari/535.19).
[Sat Apr 21 22:15:49 2012] [debug] Dispatching callback.
[Sat Apr 21 22:15:49 2012] [debug] Template "apianalyticstype.html.ep" not found.
[Sat Apr 21 22:15:49 2012] [debug] Nothing has been rendered, assuming delayed response.
[Sat Apr 21 22:15:59 2012] [debug] GET /photos (Mozilla/5.0 (X11; Linux x86_64) AppleWebKit/535.19 (KHTML, like Gecko) Ubuntu/11.10 Chromium/18.0.1025.142 Chrome/18.0.1025.142 Safari/535.19).
[Sat Apr 21 22:15:59 2012] [debug] Dispatching callback.
[Sat Apr 21 22:15:59 2012] [debug] 302 Found (0.004229s, 236.463/s).
[Sat Apr 21 22:15:59 2012] [debug] GET /photos (Mozilla/5.0 (X11; Linux x86_64) AppleWebKit/535.19 (KHTML, like Gecko) Ubuntu/11.10 Chromium/18.0.1025.142 Chrome/18.0.1025.142 Safari/535.19).
[Sat Apr 21 22:15:59 2012] [debug] Dispatching callback.
[Sat Apr 21 22:15:59 2012] [debug] Rendering template "photos.html.ep".
[Sat Apr 21 22:15:59 2012] [debug] 200 OK (0.136152s, 7.345/s).
[Sat Apr 21 22:15:59 2012] [debug] GET /dojox/image/data.json (Mozilla/5.0 (X11; Linux x86_64) AppleWebKit/535.19 (KHTML, like Gecko) Ubuntu/11.10 Chromium/18.0.1025.142 Chrome/18.0.1025.142 Safari/535.19).
[Sat Apr 21 22:15:59 2012] [debug] Dispatching callback.
[Sat Apr 21 22:15:59 2012] [debug] 200 OK (0.007426s, 134.662/s).
[Sat Apr 21 22:16:04 2012] [debug] POST /api/analytics/views (Mozilla/5.0 (X11; Linux x86_64) AppleWebKit/535.19 (KHTML, like Gecko) Ubuntu/11.10 Chromium/18.0.1025.142 Chrome/18.0.1025.142 Safari/535.19).
[Sat Apr 21 22:16:04 2012] [debug] Dispatching callback.
[Sat Apr 21 22:16:04 2012] [debug] Template "apianalyticstype.html.ep" not found.
[Sat Apr 21 22:16:04 2012] [debug] Nothing has been rendered, assuming delayed response.
[Sat Apr 21 22:16:04 2012] [debug] POST /api/analytics/views (Mozilla/5.0 (X11; Linux x86_64) AppleWebKit/535.19 (KHTML, like Gecko) Ubuntu/11.10 Chromium/18.0.1025.142 Chrome/18.0.1025.142 Safari/535.19).
[Sat Apr 21 22:16:04 2012] [debug] Dispatching callback.
[Sat Apr 21 22:16:04 2012] [debug] Template "apianalyticstype.html.ep" not found.
[Sat Apr 21 22:16:04 2012] [debug] Nothing has been rendered, assuming delayed response.
[Sat Apr 21 22:16:04 2012] [debug] POST /api/analytics/views (Mozilla/5.0 (X11; Linux x86_64) AppleWebKit/535.19 (KHTML, like Gecko) Ubuntu/11.10 Chromium/18.0.1025.142 Chrome/18.0.1025.142 Safari/535.19).
[Sat Apr 21 22:16:04 2012] [debug] Dispatching callback.
[Sat Apr 21 22:16:04 2012] [debug] Template "apianalyticstype.html.ep" not found.
[Sat Apr 21 22:16:04 2012] [debug] Nothing has been rendered, assuming delayed response.
[Sat Apr 21 22:16:04 2012] [debug] POST /api/analytics/views (Mozilla/5.0 (X11; Linux x86_64) AppleWebKit/535.19 (KHTML, like Gecko) Ubuntu/11.10 Chromium/18.0.1025.142 Chrome/18.0.1025.142 Safari/535.19).
[Sat Apr 21 22:16:04 2012] [debug] Dispatching callback.
[Sat Apr 21 22:16:04 2012] [debug] Template "apianalyticstype.html.ep" not found.
[Sat Apr 21 22:16:04 2012] [debug] Nothing has been rendered, assuming delayed response.
[Sat Apr 21 22:16:04 2012] [debug] POST /api/analytics/views (Mozilla/5.0 (X11; Linux x86_64) AppleWebKit/535.19 (KHTML, like Gecko) Ubuntu/11.10 Chromium/18.0.1025.142 Chrome/18.0.1025.142 Safari/535.19).
[Sat Apr 21 22:16:04 2012] [debug] Dispatching callback.
[Sat Apr 21 22:16:04 2012] [debug] Template "apianalyticstype.html.ep" not found.
[Sat Apr 21 22:16:04 2012] [debug] Nothing has been rendered, assuming delayed response.
[Sat Apr 21 22:16:05 2012] [debug] POST /api/analytics/clicks (Mozilla/5.0 (X11; Linux x86_64) AppleWebKit/535.19 (KHTML, like Gecko) Ubuntu/11.10 Chromium/18.0.1025.142 Chrome/18.0.1025.142 Safari/535.19).
[Sat Apr 21 22:16:05 2012] [debug] Dispatching callback.
[Sat Apr 21 22:16:05 2012] [debug] Template "apianalyticstype.html.ep" not found.
[Sat Apr 21 22:16:05 2012] [debug] Nothing has been rendered, assuming delayed response.
[Sat Apr 21 22:16:13 2012] [debug] GET / (Mozilla/5.0 (X11; Linux x86_64) AppleWebKit/535.19 (KHTML, like Gecko) Ubuntu/11.10 Chromium/18.0.1025.142 Chrome/18.0.1025.142 Safari/535.19).
[Sat Apr 21 22:16:13 2012] [debug] Dispatching callback.
[Sat Apr 21 22:16:13 2012] [debug] 302 Found (0.000946s, 1057.082/s).
[Sat Apr 21 22:16:13 2012] [debug] GET /home (Mozilla/5.0 (X11; Linux x86_64) AppleWebKit/535.19 (KHTML, like Gecko) Ubuntu/11.10 Chromium/18.0.1025.142 Chrome/18.0.1025.142 Safari/535.19).
[Sat Apr 21 22:16:13 2012] [debug] Dispatching callback.
[Sat Apr 21 22:16:14 2012] [debug] 200 OK (0.075900s, 13.175/s).
[Sat Apr 21 22:16:17 2012] [debug] GET /about (Mozilla/5.0 (X11; Linux x86_64) AppleWebKit/535.19 (KHTML, like Gecko) Ubuntu/11.10 Chromium/18.0.1025.142 Chrome/18.0.1025.142 Safari/535.19).
[Sat Apr 21 22:16:17 2012] [debug] Dispatching callback.
[Sat Apr 21 22:16:17 2012] [debug] Rendering template "about.html.ep".
[Sat Apr 21 22:16:17 2012] [debug] 200 OK (0.036768s, 27.198/s).
[Sat Apr 21 22:16:22 2012] [debug] POST /api/analytics/clicks (Mozilla/5.0 (X11; Linux x86_64) AppleWebKit/535.19 (KHTML, like Gecko) Ubuntu/11.10 Chromium/18.0.1025.142 Chrome/18.0.1025.142 Safari/535.19).
[Sat Apr 21 22:16:22 2012] [debug] Dispatching callback.
[Sat Apr 21 22:16:22 2012] [debug] Template "apianalyticstype.html.ep" not found.
[Sat Apr 21 22:16:22 2012] [debug] Nothing has been rendered, assuming delayed response.
[Sat Apr 21 22:16:22 2012] [debug] POST /api/analytics/clicks (Mozilla/5.0 (X11; Linux x86_64) AppleWebKit/535.19 (KHTML, like Gecko) Ubuntu/11.10 Chromium/18.0.1025.142 Chrome/18.0.1025.142 Safari/535.19).
[Sat Apr 21 22:16:22 2012] [debug] Dispatching callback.
[Sat Apr 21 22:16:22 2012] [debug] Template "apianalyticstype.html.ep" not found.
[Sat Apr 21 22:16:22 2012] [debug] Nothing has been rendered, assuming delayed response.
[Sat Apr 21 22:16:22 2012] [debug] POST /api/analytics/clicks (Mozilla/5.0 (X11; Linux x86_64) AppleWebKit/535.19 (KHTML, like Gecko) Ubuntu/11.10 Chromium/18.0.1025.142 Chrome/18.0.1025.142 Safari/535.19).
[Sat Apr 21 22:16:22 2012] [debug] Dispatching callback.
[Sat Apr 21 22:16:22 2012] [debug] Template "apianalyticstype.html.ep" not found.
[Sat Apr 21 22:16:22 2012] [debug] Nothing has been rendered, assuming delayed response.
[Sat Apr 21 22:16:22 2012] [debug] POST /api/analytics/clicks (Mozilla/5.0 (X11; Linux x86_64) AppleWebKit/535.19 (KHTML, like Gecko) Ubuntu/11.10 Chromium/18.0.1025.142 Chrome/18.0.1025.142 Safari/535.19).
[Sat Apr 21 22:16:22 2012] [debug] Dispatching callback.
[Sat Apr 21 22:16:23 2012] [debug] Template "apianalyticstype.html.ep" not found.
[Sat Apr 21 22:16:23 2012] [debug] Nothing has been rendered, assuming delayed response.
[Sat Apr 21 22:16:23 2012] [debug] POST /api/analytics/views (Mozilla/5.0 (X11; Linux x86_64) AppleWebKit/535.19 (KHTML, like Gecko) Ubuntu/11.10 Chromium/18.0.1025.142 Chrome/18.0.1025.142 Safari/535.19).
[Sat Apr 21 22:16:23 2012] [debug] Dispatching callback.
[Sat Apr 21 22:16:23 2012] [debug] Template "apianalyticstype.html.ep" not found.
[Sat Apr 21 22:16:23 2012] [debug] Nothing has been rendered, assuming delayed response.
[Sat Apr 21 22:16:23 2012] [debug] POST /api/analytics/views (Mozilla/5.0 (X11; Linux x86_64) AppleWebKit/535.19 (KHTML, like Gecko) Ubuntu/11.10 Chromium/18.0.1025.142 Chrome/18.0.1025.142 Safari/535.19).
[Sat Apr 21 22:16:23 2012] [debug] Dispatching callback.
[Sat Apr 21 22:16:23 2012] [debug] Template "apianalyticstype.html.ep" not found.
[Sat Apr 21 22:16:23 2012] [debug] Nothing has been rendered, assuming delayed response.
[Sat Apr 21 22:16:30 2012] [debug] GET / (Mozilla/5.0 (X11; Linux x86_64) AppleWebKit/535.19 (KHTML, like Gecko) Ubuntu/11.10 Chromium/18.0.1025.142 Chrome/18.0.1025.142 Safari/535.19).
[Sat Apr 21 22:16:30 2012] [debug] Dispatching callback.
[Sat Apr 21 22:16:30 2012] [debug] 302 Found (0.000904s, 1106.195/s).
[Sat Apr 21 22:16:30 2012] [debug] GET /home (Mozilla/5.0 (X11; Linux x86_64) AppleWebKit/535.19 (KHTML, like Gecko) Ubuntu/11.10 Chromium/18.0.1025.142 Chrome/18.0.1025.142 Safari/535.19).
[Sat Apr 21 22:16:30 2012] [debug] Dispatching callback.
[Sat Apr 21 22:16:30 2012] [debug] 200 OK (0.097209s, 10.287/s).
[Sat Apr 21 22:16:35 2012] [debug] POST /api/analytics/views (Mozilla/5.0 (X11; Linux x86_64) AppleWebKit/535.19 (KHTML, like Gecko) Ubuntu/11.10 Chromium/18.0.1025.142 Chrome/18.0.1025.142 Safari/535.19).
[Sat Apr 21 22:16:35 2012] [debug] Dispatching callback.
[Sat Apr 21 22:16:35 2012] [debug] Template "apianalyticstype.html.ep" not found.
[Sat Apr 21 22:16:35 2012] [debug] Nothing has been rendered, assuming delayed response.
[Sat Apr 21 22:16:35 2012] [debug] POST /api/analytics/views (Mozilla/5.0 (X11; Linux x86_64) AppleWebKit/535.19 (KHTML, like Gecko) Ubuntu/11.10 Chromium/18.0.1025.142 Chrome/18.0.1025.142 Safari/535.19).
[Sat Apr 21 22:16:35 2012] [debug] Dispatching callback.
[Sat Apr 21 22:16:36 2012] [debug] Template "apianalyticstype.html.ep" not found.
[Sat Apr 21 22:16:36 2012] [debug] Nothing has been rendered, assuming delayed response.
[Sat Apr 21 22:16:36 2012] [debug] POST /api/analytics/views (Mozilla/5.0 (X11; Linux x86_64) AppleWebKit/535.19 (KHTML, like Gecko) Ubuntu/11.10 Chromium/18.0.1025.142 Chrome/18.0.1025.142 Safari/535.19).
[Sat Apr 21 22:16:36 2012] [debug] Dispatching callback.
[Sat Apr 21 22:16:36 2012] [debug] Template "apianalyticstype.html.ep" not found.
[Sat Apr 21 22:16:36 2012] [debug] Nothing has been rendered, assuming delayed response.
[Sat Apr 21 22:16:36 2012] [debug] POST /api/analytics/views (Mozilla/5.0 (X11; Linux x86_64) AppleWebKit/535.19 (KHTML, like Gecko) Ubuntu/11.10 Chromium/18.0.1025.142 Chrome/18.0.1025.142 Safari/535.19).
[Sat Apr 21 22:16:36 2012] [debug] Dispatching callback.
[Sat Apr 21 22:16:36 2012] [debug] Template "apianalyticstype.html.ep" not found.
[Sat Apr 21 22:16:36 2012] [debug] Nothing has been rendered, assuming delayed response.
[Sat Apr 21 22:16:36 2012] [debug] POST /api/analytics/views (Mozilla/5.0 (X11; Linux x86_64) AppleWebKit/535.19 (KHTML, like Gecko) Ubuntu/11.10 Chromium/18.0.1025.142 Chrome/18.0.1025.142 Safari/535.19).
[Sat Apr 21 22:16:36 2012] [debug] Dispatching callback.
[Sat Apr 21 22:16:36 2012] [debug] Template "apianalyticstype.html.ep" not found.
[Sat Apr 21 22:16:36 2012] [debug] Nothing has been rendered, assuming delayed response.
[Sat Apr 21 22:16:36 2012] [debug] POST /api/analytics/views (Mozilla/5.0 (X11; Linux x86_64) AppleWebKit/535.19 (KHTML, like Gecko) Ubuntu/11.10 Chromium/18.0.1025.142 Chrome/18.0.1025.142 Safari/535.19).
[Sat Apr 21 22:16:36 2012] [debug] Dispatching callback.
[Sat Apr 21 22:16:36 2012] [debug] Template "apianalyticstype.html.ep" not found.
[Sat Apr 21 22:16:36 2012] [debug] Nothing has been rendered, assuming delayed response.
[Sat Apr 21 22:16:51 2012] [debug] POST /api/analytics/views (Mozilla/5.0 (X11; Linux x86_64) AppleWebKit/535.19 (KHTML, like Gecko) Ubuntu/11.10 Chromium/18.0.1025.142 Chrome/18.0.1025.142 Safari/535.19).
[Sat Apr 21 22:16:51 2012] [debug] Dispatching callback.
[Sat Apr 21 22:16:51 2012] [debug] Template "apianalyticstype.html.ep" not found.
[Sat Apr 21 22:16:51 2012] [debug] Nothing has been rendered, assuming delayed response.
[Sat Apr 21 22:16:51 2012] [debug] POST /api/analytics/views (Mozilla/5.0 (X11; Linux x86_64) AppleWebKit/535.19 (KHTML, like Gecko) Ubuntu/11.10 Chromium/18.0.1025.142 Chrome/18.0.1025.142 Safari/535.19).
[Sat Apr 21 22:16:51 2012] [debug] Dispatching callback.
[Sat Apr 21 22:16:51 2012] [debug] Template "apianalyticstype.html.ep" not found.
[Sat Apr 21 22:16:51 2012] [debug] Nothing has been rendered, assuming delayed response.
[Sat Apr 21 22:16:51 2012] [debug] POST /api/analytics/views (Mozilla/5.0 (X11; Linux x86_64) AppleWebKit/535.19 (KHTML, like Gecko) Ubuntu/11.10 Chromium/18.0.1025.142 Chrome/18.0.1025.142 Safari/535.19).
[Sat Apr 21 22:16:51 2012] [debug] Dispatching callback.
[Sat Apr 21 22:16:51 2012] [debug] Template "apianalyticstype.html.ep" not found.
[Sat Apr 21 22:16:51 2012] [debug] Nothing has been rendered, assuming delayed response.
[Sat Apr 21 22:16:51 2012] [debug] POST /api/analytics/views (Mozilla/5.0 (X11; Linux x86_64) AppleWebKit/535.19 (KHTML, like Gecko) Ubuntu/11.10 Chromium/18.0.1025.142 Chrome/18.0.1025.142 Safari/535.19).
[Sat Apr 21 22:16:51 2012] [debug] Dispatching callback.
[Sat Apr 21 22:16:51 2012] [debug] Template "apianalyticstype.html.ep" not found.
[Sat Apr 21 22:16:51 2012] [debug] Nothing has been rendered, assuming delayed response.
[Sat Apr 21 22:16:51 2012] [debug] POST /api/analytics/views (Mozilla/5.0 (X11; Linux x86_64) AppleWebKit/535.19 (KHTML, like Gecko) Ubuntu/11.10 Chromium/18.0.1025.142 Chrome/18.0.1025.142 Safari/535.19).
[Sat Apr 21 22:16:51 2012] [debug] Dispatching callback.
[Sat Apr 21 22:16:52 2012] [debug] Template "apianalyticstype.html.ep" not found.
[Sat Apr 21 22:16:52 2012] [debug] Nothing has been rendered, assuming delayed response.
[Sat Apr 21 22:16:52 2012] [debug] POST /api/analytics/views (Mozilla/5.0 (X11; Linux x86_64) AppleWebKit/535.19 (KHTML, like Gecko) Ubuntu/11.10 Chromium/18.0.1025.142 Chrome/18.0.1025.142 Safari/535.19).
[Sat Apr 21 22:16:52 2012] [debug] Dispatching callback.
[Sat Apr 21 22:16:52 2012] [debug] Template "apianalyticstype.html.ep" not found.
[Sat Apr 21 22:16:52 2012] [debug] Nothing has been rendered, assuming delayed response.
[Sat Apr 21 22:17:36 2012] [info] Server listening (http://*:3000)
[Sat Apr 21 22:18:23 2012] [info] Server listening (http://*:3000)
[Sat Apr 21 22:18:25 2012] [debug] POST /api/analytics/views (Mozilla/5.0 (X11; Linux x86_64) AppleWebKit/535.19 (KHTML, like Gecko) Ubuntu/11.10 Chromium/18.0.1025.142 Chrome/18.0.1025.142 Safari/535.19).
[Sat Apr 21 22:18:25 2012] [debug] Dispatching callback.
[Sat Apr 21 22:18:25 2012] [debug] Template "apianalyticstype.html.ep" not found.
[Sat Apr 21 22:18:25 2012] [debug] Nothing has been rendered, assuming delayed response.
[Sat Apr 21 22:18:25 2012] [debug] POST /api/analytics/views (Mozilla/5.0 (X11; Linux x86_64) AppleWebKit/535.19 (KHTML, like Gecko) Ubuntu/11.10 Chromium/18.0.1025.142 Chrome/18.0.1025.142 Safari/535.19).
[Sat Apr 21 22:18:25 2012] [debug] Dispatching callback.
[Sat Apr 21 22:18:25 2012] [debug] Template "apianalyticstype.html.ep" not found.
[Sat Apr 21 22:18:25 2012] [debug] Nothing has been rendered, assuming delayed response.
[Sat Apr 21 22:18:25 2012] [debug] POST /api/analytics/views (Mozilla/5.0 (X11; Linux x86_64) AppleWebKit/535.19 (KHTML, like Gecko) Ubuntu/11.10 Chromium/18.0.1025.142 Chrome/18.0.1025.142 Safari/535.19).
[Sat Apr 21 22:18:25 2012] [debug] Dispatching callback.
[Sat Apr 21 22:18:25 2012] [debug] Template "apianalyticstype.html.ep" not found.
[Sat Apr 21 22:18:25 2012] [debug] Nothing has been rendered, assuming delayed response.
[Sat Apr 21 22:18:25 2012] [debug] POST /api/analytics/views (Mozilla/5.0 (X11; Linux x86_64) AppleWebKit/535.19 (KHTML, like Gecko) Ubuntu/11.10 Chromium/18.0.1025.142 Chrome/18.0.1025.142 Safari/535.19).
[Sat Apr 21 22:18:25 2012] [debug] Dispatching callback.
[Sat Apr 21 22:18:25 2012] [debug] Template "apianalyticstype.html.ep" not found.
[Sat Apr 21 22:18:25 2012] [debug] Nothing has been rendered, assuming delayed response.
[Sat Apr 21 22:18:25 2012] [debug] POST /api/analytics/views (Mozilla/5.0 (X11; Linux x86_64) AppleWebKit/535.19 (KHTML, like Gecko) Ubuntu/11.10 Chromium/18.0.1025.142 Chrome/18.0.1025.142 Safari/535.19).
[Sat Apr 21 22:18:25 2012] [debug] Dispatching callback.
[Sat Apr 21 22:18:26 2012] [debug] Template "apianalyticstype.html.ep" not found.
[Sat Apr 21 22:18:26 2012] [debug] Nothing has been rendered, assuming delayed response.
[Sat Apr 21 22:18:32 2012] [info] Server listening (http://*:3000)
[Sat Apr 21 22:18:35 2012] [debug] GET /play (Mozilla/5.0 (X11; Linux x86_64) AppleWebKit/535.19 (KHTML, like Gecko) Ubuntu/11.10 Chromium/18.0.1025.142 Chrome/18.0.1025.142 Safari/535.19).
[Sat Apr 21 22:18:35 2012] [debug] Dispatching callback.
[Sat Apr 21 22:18:35 2012] [debug] Rendering template "play.html.ep".
[Sat Apr 21 22:18:35 2012] [debug] Rendering template "modules/block_events_calendar.html.ep".
[Sat Apr 21 22:18:35 2012] [debug] Rendering template "modules/block_ads.html.ep".
[Sat Apr 21 22:18:35 2012] [debug] Rendering template "modules/block_search_places.html.ep".
[Sat Apr 21 22:18:35 2012] [debug] Rendering template "layouts/default.html.ep".
[Sat Apr 21 22:18:35 2012] [debug] Rendering template "modules/dojo_toolkit.html.ep".
[Sat Apr 21 22:18:35 2012] [debug] Rendering template "modules/content_message.html.ep".
[Sat Apr 21 22:18:35 2012] [debug] 200 OK (0.185706s, 5.385/s).
[Sat Apr 21 22:18:38 2012] [debug] GET /about (Mozilla/5.0 (X11; Linux x86_64) AppleWebKit/535.19 (KHTML, like Gecko) Ubuntu/11.10 Chromium/18.0.1025.142 Chrome/18.0.1025.142 Safari/535.19).
[Sat Apr 21 22:18:38 2012] [debug] Dispatching callback.
[Sat Apr 21 22:18:38 2012] [debug] Rendering template "about.html.ep".
[Sat Apr 21 22:18:38 2012] [debug] 200 OK (0.039823s, 25.111/s).
[Sat Apr 21 22:18:40 2012] [debug] GET /photos (Mozilla/5.0 (X11; Linux x86_64) AppleWebKit/535.19 (KHTML, like Gecko) Ubuntu/11.10 Chromium/18.0.1025.142 Chrome/18.0.1025.142 Safari/535.19).
[Sat Apr 21 22:18:40 2012] [debug] Dispatching callback.
[Sat Apr 21 22:18:40 2012] [debug] 302 Found (0.003882s, 257.599/s).
[Sat Apr 21 22:18:40 2012] [debug] GET /photos (Mozilla/5.0 (X11; Linux x86_64) AppleWebKit/535.19 (KHTML, like Gecko) Ubuntu/11.10 Chromium/18.0.1025.142 Chrome/18.0.1025.142 Safari/535.19).
[Sat Apr 21 22:18:40 2012] [debug] Dispatching callback.
[Sat Apr 21 22:18:40 2012] [debug] Rendering template "photos.html.ep".
[Sat Apr 21 22:18:40 2012] [debug] Rendering template "modules/block_more_galleries.html.ep".
[Sat Apr 21 22:18:40 2012] [debug] 200 OK (0.124982s, 8.001/s).
[Sat Apr 21 22:18:40 2012] [debug] GET /dojox/image/data.json (Mozilla/5.0 (X11; Linux x86_64) AppleWebKit/535.19 (KHTML, like Gecko) Ubuntu/11.10 Chromium/18.0.1025.142 Chrome/18.0.1025.142 Safari/535.19).
[Sat Apr 21 22:18:40 2012] [debug] Dispatching callback.
[Sat Apr 21 22:18:40 2012] [debug] 200 OK (0.005829s, 171.556/s).
[Sat Apr 21 22:18:43 2012] [debug] GET / (Mozilla/5.0 (X11; Linux x86_64) AppleWebKit/535.19 (KHTML, like Gecko) Ubuntu/11.10 Chromium/18.0.1025.142 Chrome/18.0.1025.142 Safari/535.19).
[Sat Apr 21 22:18:43 2012] [debug] Dispatching callback.
[Sat Apr 21 22:18:43 2012] [debug] 302 Found (0.000940s, 1063.830/s).
[Sat Apr 21 22:18:43 2012] [debug] GET /home (Mozilla/5.0 (X11; Linux x86_64) AppleWebKit/535.19 (KHTML, like Gecko) Ubuntu/11.10 Chromium/18.0.1025.142 Chrome/18.0.1025.142 Safari/535.19).
[Sat Apr 21 22:18:43 2012] [debug] Dispatching callback.
[Sat Apr 21 22:18:43 2012] [debug] Rendering template "home.html.ep".
[Sat Apr 21 22:18:43 2012] [debug] 200 OK (0.099056s, 10.095/s).
[Sat Apr 21 22:18:47 2012] [debug] GET /about (Mozilla/5.0 (X11; Linux x86_64) AppleWebKit/535.19 (KHTML, like Gecko) Ubuntu/11.10 Chromium/18.0.1025.142 Chrome/18.0.1025.142 Safari/535.19).
[Sat Apr 21 22:18:47 2012] [debug] Dispatching callback.
[Sat Apr 21 22:18:47 2012] [debug] 200 OK (0.036089s, 27.709/s).
[Sat Apr 21 22:18:52 2012] [debug] POST /api/analytics/views (Mozilla/5.0 (X11; Linux x86_64) AppleWebKit/535.19 (KHTML, like Gecko) Ubuntu/11.10 Chromium/18.0.1025.142 Chrome/18.0.1025.142 Safari/535.19).
[Sat Apr 21 22:18:52 2012] [debug] Dispatching callback.
[Sat Apr 21 22:18:52 2012] [debug] Template "apianalyticstype.html.ep" not found.
[Sat Apr 21 22:18:52 2012] [debug] Nothing has been rendered, assuming delayed response.
[Sat Apr 21 22:18:52 2012] [debug] POST /api/analytics/views (Mozilla/5.0 (X11; Linux x86_64) AppleWebKit/535.19 (KHTML, like Gecko) Ubuntu/11.10 Chromium/18.0.1025.142 Chrome/18.0.1025.142 Safari/535.19).
[Sat Apr 21 22:18:52 2012] [debug] Dispatching callback.
[Sat Apr 21 22:18:53 2012] [debug] Template "apianalyticstype.html.ep" not found.
[Sat Apr 21 22:18:53 2012] [debug] Nothing has been rendered, assuming delayed response.
[Sat Apr 21 22:18:53 2012] [debug] POST /api/analytics/clicks (Mozilla/5.0 (X11; Linux x86_64) AppleWebKit/535.19 (KHTML, like Gecko) Ubuntu/11.10 Chromium/18.0.1025.142 Chrome/18.0.1025.142 Safari/535.19).
[Sat Apr 21 22:18:53 2012] [debug] Dispatching callback.
[Sat Apr 21 22:18:53 2012] [debug] Template "apianalyticstype.html.ep" not found.
[Sat Apr 21 22:18:53 2012] [debug] Nothing has been rendered, assuming delayed response.
[Sat Apr 21 22:18:53 2012] [debug] POST /api/analytics/clicks (Mozilla/5.0 (X11; Linux x86_64) AppleWebKit/535.19 (KHTML, like Gecko) Ubuntu/11.10 Chromium/18.0.1025.142 Chrome/18.0.1025.142 Safari/535.19).
[Sat Apr 21 22:18:53 2012] [debug] Dispatching callback.
[Sat Apr 21 22:18:53 2012] [debug] Template "apianalyticstype.html.ep" not found.
[Sat Apr 21 22:18:53 2012] [debug] Nothing has been rendered, assuming delayed response.
[Sat Apr 21 22:18:53 2012] [debug] POST /api/analytics/clicks (Mozilla/5.0 (X11; Linux x86_64) AppleWebKit/535.19 (KHTML, like Gecko) Ubuntu/11.10 Chromium/18.0.1025.142 Chrome/18.0.1025.142 Safari/535.19).
[Sat Apr 21 22:18:53 2012] [debug] Dispatching callback.
[Sat Apr 21 22:18:53 2012] [debug] Template "apianalyticstype.html.ep" not found.
[Sat Apr 21 22:18:53 2012] [debug] Nothing has been rendered, assuming delayed response.
[Sat Apr 21 22:18:53 2012] [debug] POST /api/analytics/clicks (Mozilla/5.0 (X11; Linux x86_64) AppleWebKit/535.19 (KHTML, like Gecko) Ubuntu/11.10 Chromium/18.0.1025.142 Chrome/18.0.1025.142 Safari/535.19).
[Sat Apr 21 22:18:53 2012] [debug] Dispatching callback.
[Sat Apr 21 22:18:53 2012] [debug] Template "apianalyticstype.html.ep" not found.
[Sat Apr 21 22:18:53 2012] [debug] Nothing has been rendered, assuming delayed response.
